

*******************************************************************************
Mon Mar  9 18:41:07 2020


FIT:    data read from 'mergesort.dat'
        format = z
        #datapoints = 25
        residuals are weighted equally (unit weight)

function used for fitting: f(x)
	f(x)= a*x*log(x)+b
fitted parameters initialized with current variable values

iter      chisq       delta/lim  lambda   a             b            
   0 5.3262560694e+11   0.00e+00  1.03e+05    1.000000e+00   1.000000e+00
   9 7.4948801431e-06  -1.06e-06  1.03e-04    4.008222e-08  -8.843795e-04

After 9 iterations the fit converged.
final sum of squares of residuals : 7.49488e-06
rel. change during last iteration : -1.06474e-11

degrees of freedom    (FIT_NDF)                        : 23
rms of residuals      (FIT_STDFIT) = sqrt(WSSR/ndf)    : 0.000570845
variance of residuals (reduced chisquare) = WSSR/ndf   : 3.25864e-07

Final set of parameters            Asymptotic Standard Error
=======================            ==========================
a               = 4.00822e-08      +/- 1.529e-09    (3.815%)
b               = -0.000884379     +/- 0.0002232    (25.24%)

correlation matrix of the fit parameters:
                a      b      
a               1.000 
b              -0.859  1.000 


*******************************************************************************
Mon Mar  9 18:46:36 2020


FIT:    data read from 'mergesort_GRANDE.dat'
        format = z
        #datapoints = 24
        residuals are weighted equally (unit weight)

function used for fitting: f(x)
	f(x)= a*x*log(x)+b
fitted parameters initialized with current variable values

iter      chisq       delta/lim  lambda   a             b            
   0 2.9067524459e-02   0.00e+00  4.89e-02    4.008222e-08  -8.843795e-04
   5 1.6639232459e-04  -3.46e-05  4.89e-07    1.756799e-08   4.041715e-03

After 5 iterations the fit converged.
final sum of squares of residuals : 0.000166392
rel. change during last iteration : -3.46008e-10

degrees of freedom    (FIT_NDF)                        : 22
rms of residuals      (FIT_STDFIT) = sqrt(WSSR/ndf)    : 0.00275014
variance of residuals (reduced chisquare) = WSSR/ndf   : 7.56329e-06

Final set of parameters            Asymptotic Standard Error
=======================            ==========================
a               = 1.7568e-08       +/- 6.427e-10    (3.658%)
b               = 0.00404171       +/- 0.001109     (27.45%)

correlation matrix of the fit parameters:
                a      b      
a               1.000 
b              -0.863  1.000 
